<?xml version="1.0" encoding="UTF-8"?>
<testsuite name="com.example.dashboard.DashboardApplicationTests" tests="1" skipped="0" failures="0" errors="0" timestamp="2022-01-04T13:42:02" hostname="MSI" time="0.479">
  <properties/>
  <testcase name="contextLoads()" classname="com.example.dashboard.DashboardApplicationTests" time="0.479"/>
  <system-out><![CDATA[14:41:58.827 [Test worker] DEBUG org.springframework.test.context.BootstrapUtils - Instantiating CacheAwareContextLoaderDelegate from class [org.springframework.test.context.cache.DefaultCacheAwareContextLoaderDelegate]
14:41:58.839 [Test worker] DEBUG org.springframework.test.context.BootstrapUtils - Instantiating BootstrapContext using constructor [public org.springframework.test.context.support.DefaultBootstrapContext(java.lang.Class,org.springframework.test.context.CacheAwareContextLoaderDelegate)]
14:41:58.872 [Test worker] DEBUG org.springframework.test.context.BootstrapUtils - Instantiating TestContextBootstrapper for test class [com.example.dashboard.DashboardApplicationTests] from class [org.springframework.boot.test.context.SpringBootTestContextBootstrapper]
14:41:58.882 [Test worker] INFO org.springframework.boot.test.context.SpringBootTestContextBootstrapper - Neither @ContextConfiguration nor @ContextHierarchy found for test class [com.example.dashboard.DashboardApplicationTests], using SpringBootContextLoader
14:41:58.885 [Test worker] DEBUG org.springframework.test.context.support.AbstractContextLoader - Did not detect default resource location for test class [com.example.dashboard.DashboardApplicationTests]: class path resource [com/example/dashboard/DashboardApplicationTests-context.xml] does not exist
14:41:58.886 [Test worker] DEBUG org.springframework.test.context.support.AbstractContextLoader - Did not detect default resource location for test class [com.example.dashboard.DashboardApplicationTests]: class path resource [com/example/dashboard/DashboardApplicationTestsContext.groovy] does not exist
14:41:58.886 [Test worker] INFO org.springframework.test.context.support.AbstractContextLoader - Could not detect default resource locations for test class [com.example.dashboard.DashboardApplicationTests]: no resource found for suffixes {-context.xml, Context.groovy}.
14:41:58.886 [Test worker] INFO org.springframework.test.context.support.AnnotationConfigContextLoaderUtils - Could not detect default configuration classes for test class [com.example.dashboard.DashboardApplicationTests]: DashboardApplicationTests does not declare any static, non-private, non-final, nested classes annotated with @Configuration.
14:41:58.925 [Test worker] DEBUG org.springframework.test.context.support.ActiveProfilesUtils - Could not find an 'annotation declaring class' for annotation type [org.springframework.test.context.ActiveProfiles] and class [com.example.dashboard.DashboardApplicationTests]
14:41:58.988 [Test worker] DEBUG org.springframework.context.annotation.ClassPathScanningCandidateComponentProvider - Identified candidate component class: file [C:\UwAmp\www\T-JAV-501-LYN-5-1-dashboard-samy2.rafraf\build\classes\java\main\com\example\dashboard\DashboardApplication.class]
14:41:58.989 [Test worker] INFO org.springframework.boot.test.context.SpringBootTestContextBootstrapper - Found @SpringBootConfiguration com.example.dashboard.DashboardApplication for test class com.example.dashboard.DashboardApplicationTests
14:41:59.103 [Test worker] DEBUG org.springframework.boot.test.context.SpringBootTestContextBootstrapper - @TestExecutionListeners is not present for class [com.example.dashboard.DashboardApplicationTests]: using defaults.
14:41:59.104 [Test worker] INFO org.springframework.boot.test.context.SpringBootTestContextBootstrapper - Loaded default TestExecutionListener class names from location [META-INF/spring.factories]: [org.springframework.test.context.web.ServletTestExecutionListener, org.springframework.test.context.support.DirtiesContextBeforeModesTestExecutionListener, org.springframework.test.context.event.ApplicationEventsTestExecutionListener, org.springframework.test.context.support.DependencyInjectionTestExecutionListener, org.springframework.test.context.support.DirtiesContextTestExecutionListener, org.springframework.test.context.transaction.TransactionalTestExecutionListener, org.springframework.test.context.jdbc.SqlScriptsTestExecutionListener, org.springframework.test.context.event.EventPublishingTestExecutionListener, org.springframework.boot.test.autoconfigure.restdocs.RestDocsTestExecutionListener, org.springframework.boot.test.autoconfigure.web.client.MockRestServiceServerResetTestExecutionListener, org.springframework.boot.test.autoconfigure.web.servlet.MockMvcPrintOnlyOnFailureTestExecutionListener, org.springframework.boot.test.autoconfigure.web.servlet.WebDriverTestExecutionListener, org.springframework.boot.test.autoconfigure.webservices.client.MockWebServiceServerTestExecutionListener, org.springframework.boot.test.mock.mockito.MockitoTestExecutionListener, org.springframework.boot.test.mock.mockito.ResetMocksTestExecutionListener]
14:41:59.120 [Test worker] INFO org.springframework.boot.test.context.SpringBootTestContextBootstrapper - Using TestExecutionListeners: [org.springframework.test.context.web.ServletTestExecutionListener@4fad94a7, org.springframework.test.context.support.DirtiesContextBeforeModesTestExecutionListener@475835b1, org.springframework.test.context.event.ApplicationEventsTestExecutionListener@6326d182, org.springframework.boot.test.mock.mockito.MockitoTestExecutionListener@5241cf67, org.springframework.boot.test.autoconfigure.SpringBootDependencyInjectionTestExecutionListener@716a7124, org.springframework.test.context.support.DirtiesContextTestExecutionListener@77192705, org.springframework.test.context.transaction.TransactionalTestExecutionListener@226642a5, org.springframework.test.context.jdbc.SqlScriptsTestExecutionListener@7e809b79, org.springframework.test.context.event.EventPublishingTestExecutionListener@5cc126dc, org.springframework.boot.test.autoconfigure.restdocs.RestDocsTestExecutionListener@625e134e, org.springframework.boot.test.autoconfigure.web.client.MockRestServiceServerResetTestExecutionListener@72bd06ca, org.springframework.boot.test.autoconfigure.web.servlet.MockMvcPrintOnlyOnFailureTestExecutionListener@89c10b7, org.springframework.boot.test.autoconfigure.web.servlet.WebDriverTestExecutionListener@5dbe30be, org.springframework.boot.test.autoconfigure.webservices.client.MockWebServiceServerTestExecutionListener@4fe89c24, org.springframework.boot.test.mock.mockito.ResetMocksTestExecutionListener@55795845]
14:41:59.123 [Test worker] DEBUG org.springframework.test.context.support.AbstractDirtiesContextTestExecutionListener - Before test class: context [DefaultTestContext@117e0fe5 testClass = DashboardApplicationTests, testInstance = [null], testMethod = [null], testException = [null], mergedContextConfiguration = [WebMergedContextConfiguration@18a3962d testClass = DashboardApplicationTests, locations = '{}', classes = '{class com.example.dashboard.DashboardApplication}', contextInitializerClasses = '[]', activeProfiles = '{}', propertySourceLocations = '{}', propertySourceProperties = '{org.springframework.boot.test.context.SpringBootTestContextBootstrapper=true}', contextCustomizers = set[org.springframework.boot.test.autoconfigure.actuate.metrics.MetricsExportContextCustomizerFactory$DisableMetricExportContextCustomizer@2f1de2d6, org.springframework.boot.test.autoconfigure.properties.PropertyMappingContextCustomizer@0, org.springframework.boot.test.autoconfigure.web.servlet.WebDriverContextCustomizerFactory$Customizer@34a875b3, org.springframework.boot.test.context.filter.ExcludeFilterContextCustomizer@18a136ac, org.springframework.boot.test.json.DuplicateJsonObjectContextCustomizerFactory$DuplicateJsonObjectContextCustomizer@176b3f44, org.springframework.boot.test.mock.mockito.MockitoContextCustomizer@0, org.springframework.boot.test.web.client.TestRestTemplateContextCustomizer@1a760689, org.springframework.boot.test.web.reactive.server.WebTestClientContextCustomizer@253d9f73, org.springframework.boot.test.context.SpringBootTestArgs@1, org.springframework.boot.test.context.SpringBootTestWebEnvironment@6d4e5011], resourceBasePath = 'src/main/webapp', contextLoader = 'org.springframework.boot.test.context.SpringBootContextLoader', parent = [null]], attributes = map['org.springframework.test.context.web.ServletTestExecutionListener.activateListener' -> true]], class annotated with @DirtiesContext [false] with mode [null].
14:41:59.162 [Test worker] DEBUG org.springframework.boot.ApplicationServletEnvironment - Activating profiles []
14:41:59.163 [Test worker] DEBUG org.springframework.test.context.support.TestPropertySourceUtils - Adding inlined properties to environment: {spring.jmx.enabled=false, org.springframework.boot.test.context.SpringBootTestContextBootstrapper=true}

  .   ____          _            __ _ _
 /\\ / ___'_ __ _ _(_)_ __  __ _ \ \ \ \
( ( )\___ | '_ | '_| | '_ \/ _` | \ \ \ \
 \\/  ___)| |_)| | | | | || (_| |  ) ) ) )
  '  |____| .__|_| |_|_| |_\__, | / / / /
 =========|_|==============|___/=/_/_/_/
 :: Spring Boot ::                (v2.6.1)

2022-01-04 14:41:59.458  WARN 9616 --- [    Test worker] ory$DuplicateJsonObjectContextCustomizer : 

Found multiple occurrences of org.json.JSONObject on the class path:

	jar:file:/C:/Users/hugo-/.gradle/caches/modules-2/files-2.1/org.json/json/20211205/47032dcf2f69880f07dab3dc60b4b0ad97318308/json-20211205.jar!/org/json/JSONObject.class
	jar:file:/C:/Users/hugo-/.gradle/caches/modules-2/files-2.1/com.vaadin.external.google/android-json/0.0.20131108.vaadin1/fa26d351fe62a6a17f5cda1287c1c6110dec413f/android-json-0.0.20131108.vaadin1.jar!/org/json/JSONObject.class

You may wish to exclude one of them to ensure predictable runtime behavior

2022-01-04 14:41:59.484  INFO 9616 --- [    Test worker] c.e.dashboard.DashboardApplicationTests  : Starting DashboardApplicationTests using Java 17.0.1 on MSI with PID 9616 (started by hugo- in C:\UwAmp\www\T-JAV-501-LYN-5-1-dashboard-samy2.rafraf)
2022-01-04 14:41:59.485  INFO 9616 --- [    Test worker] c.e.dashboard.DashboardApplicationTests  : No active profile set, falling back to default profiles: default
2022-01-04 14:42:00.595  INFO 9616 --- [    Test worker] trationDelegate$BeanPostProcessorChecker : Bean 'org.springframework.ws.config.annotation.DelegatingWsConfiguration' of type [org.springframework.ws.config.annotation.DelegatingWsConfiguration$$EnhancerBySpringCGLIB$$f458732c] is not eligible for getting processed by all BeanPostProcessors (for example: not eligible for auto-proxying)
2022-01-04 14:42:00.647  INFO 9616 --- [    Test worker] .w.s.a.s.AnnotationActionEndpointMapping : Supporting [WS-Addressing August 2004, WS-Addressing 1.0]
2022-01-04 14:42:02.298  INFO 9616 --- [    Test worker] c.e.dashboard.DashboardApplicationTests  : Started DashboardApplicationTests in 3.134 seconds (JVM running for 4.346)
]]></system-out>
  <system-err><![CDATA[]]></system-err>
</testsuite>
